Flutter crash report.
Please report a bug at https://github.com/flutter/flutter/issues.

## command

flutter run -d edge

## exception

PathAccessException: PathAccessException: Deletion failed, path = 'C:\Users\danfi\AppData\Local\Temp\flutter_tools.445cdcd2\flutter_tool.a0ed38d' (OS Error: The process cannot access the file because it is being used by another process, errno = 32)

```
#0      _Directory._deleteSync (dart:io/directory_impl.dart:216:7)
#1      FileSystemEntity.deleteSync (dart:io/file_system_entity.dart:425:7)
#2      ForwardingFileSystemEntity.deleteSync (package:file/src/forwarding/forwarding_file_system_entity.dart:70:16)
#3      ErrorHandlingDirectory.deleteSync.<anonymous closure> (package:flutter_tools/src/base/error_handling_io.dart:451:22)
#4      _runSync (package:flutter_tools/src/base/error_handling_io.dart:552:14)
#5      ErrorHandlingDirectory.deleteSync (package:flutter_tools/src/base/error_handling_io.dart:450:12)
#6      ResidentRunner.preExit (package:flutter_tools/src/resident_runner.dart:1435:25)
#7      ResidentRunner.exit (package:flutter_tools/src/resident_runner.dart:1278:11)
<asynchronous suspension>
#8      TerminalHandler._commonTerminalInputHandler (package:flutter_tools/src/resident_runner.dart:1830:9)
<asynchronous suspension>
#9      TerminalHandler.processTerminalInput (package:flutter_tools/src/resident_runner.dart:1906:7)
<asynchronous suspension>
```

## flutter doctor

```
[32m[✓][39m Flutter (Channel stable, 3.41.8, on Microsoft Windows [Version 10.0.26200.8246], locale en-US) [250ms]
    [32m•[39m Flutter version 3.41.8 on channel stable at C:\flutter
    [32m•[39m Upstream repository https://github.com/flutter/flutter.git
    [32m•[39m Framework revision 02085feb3f (5 days ago), 2026-04-24 13:54:45 -0700
    [32m•[39m Engine revision 59aa584fdf
    [32m•[39m Dart version 3.11.5
    [32m•[39m DevTools version 2.54.2
    [32m•[39m Feature flags: enable-web, enable-linux-desktop, enable-macos-desktop, enable-windows-desktop, enable-android, enable-ios, cli-animations, enable-native-assets, omit-legacy-version-file,
      enable-lldb-debugging, enable-uiscene-migration

[32m[✓][39m Windows Version (Windows 11 or higher, 25H2, 2009) [2.1s]

[32m[✓][39m Android toolchain - develop for Android devices (Android SDK version 36.1.0) [3.8s]
    [32m•[39m Android SDK at C:\Users\danfi\AppData\Local\Android\Sdk
    [32m•[39m Emulator version 36.5.11.0 (build_id 15261927) (CL:N/A)
    [32m•[39m Platform android-36.1, build-tools 36.1.0
    [32m•[39m Java binary at: C:\Program Files\Android\Android Studio\jbr\bin\java
      This is the JDK bundled with the latest Android Studio installation on this machine.
      To manually set the JDK path, use: `flutter config --jdk-dir="path/to/jdk"`.
    [32m•[39m Java version OpenJDK Runtime Environment (build 21.0.10+-14961533-b1163.108)
    [32m•[39m All Android licenses accepted.

[31m[✗][39m Chrome - develop for the web (Cannot find Chrome executable at .\Google\Chrome\Application\chrome.exe) [9ms]
    [33m![39m Cannot find Chrome. Try setting CHROME_EXECUTABLE to a Chrome executable.

[31m[✗][39m Visual Studio - develop Windows apps [8ms]
    [31m✗[39m Visual Studio not installed; this is necessary to develop Windows apps.
      Download at https://visualstudio.microsoft.com/downloads/.
      Please install the "Desktop development with C++" workload, including all of its default components

[32m[✓][39m Connected device (2 available) [248ms]
    [32m•[39m Windows (desktop) • windows • windows-x64    • Microsoft Windows [Version 10.0.26200.8246]
    [32m•[39m Edge (web)        • edge    • web-javascript • Microsoft Edge 147.0.3912.60

[32m[✓][39m Network resources [324ms]
    [32m•[39m All expected network resources are available.

[33m![39m Doctor found issues in 2 categories.
```
